c:\users\jigyu\onedrive\바탕 화면\c언어\백준 c++ 문제 풀이\백준 c++ 문제 풀이\x64\debug\vc143.pdb
c:\users\jigyu\onedrive\바탕 화면\c언어\백준 c++ 문제 풀이\백준 c++ 문제 풀이\x64\debug\vc143.idb
c:\users\jigyu\onedrive\바탕 화면\c언어\백준 c++ 문제 풀이\백준 c++ 문제 풀이\x64\debug\main.obj
c:\users\jigyu\onedrive\바탕 화면\c언어\백준 c++ 문제 풀이\백준 c++ 문제 풀이\x64\debug\2557.ilk
c:\users\jigyu\onedrive\바탕 화면\c언어\백준 c++ 문제 풀이\백준 c++ 문제 풀이\x64\debug\2557.exe
c:\users\jigyu\onedrive\바탕 화면\c언어\백준 c++ 문제 풀이\백준 c++ 문제 풀이\x64\debug\2557.pdb
c:\visual studio projects\c++_baekjoon\백준 c++ 문제 풀이\x64\debug\main.obj
c:\visual studio projects\c++_baekjoon\백준 c++ 문제 풀이\x64\debug\2557.ilk
c:\visual studio projects\c++_baekjoon\백준 c++ 문제 풀이\x64\debug\vc143.idb
c:\visual studio projects\c++_baekjoon\백준 c++ 문제 풀이\x64\debug\1000.pdb
c:\visual studio projects\c++_baekjoon\백준 c++ 문제 풀이\x64\debug\1008.pdb
c:\visual studio projects\c++_baekjoon\백준 c++ 문제 풀이\x64\debug\10101.pdb
c:\visual studio projects\c++_baekjoon\백준 c++ 문제 풀이\x64\debug\10171.pdb
c:\visual studio projects\c++_baekjoon\백준 c++ 문제 풀이\x64\debug\10172.pdb
c:\visual studio projects\c++_baekjoon\백준 c++ 문제 풀이\x64\debug\1018.pdb
c:\visual studio projects\c++_baekjoon\백준 c++ 문제 풀이\x64\debug\10430.pdb
c:\visual studio projects\c++_baekjoon\백준 c++ 문제 풀이\x64\debug\10757.pdb
c:\visual studio projects\c++_baekjoon\백준 c++ 문제 풀이\x64\debug\10773.pdb
c:\visual studio projects\c++_baekjoon\백준 c++ 문제 풀이\x64\debug\10798.pdb
c:\visual studio projects\c++_baekjoon\백준 c++ 문제 풀이\x64\debug\10807.pdb
c:\visual studio projects\c++_baekjoon\백준 c++ 문제 풀이\x64\debug\10809.pdb
c:\visual studio projects\c++_baekjoon\백준 c++ 문제 풀이\x64\debug\10810.pdb
c:\visual studio projects\c++_baekjoon\백준 c++ 문제 풀이\x64\debug\10811.pdb
c:\visual studio projects\c++_baekjoon\백준 c++ 문제 풀이\x64\debug\10813.pdb
c:\visual studio projects\c++_baekjoon\백준 c++ 문제 풀이\x64\debug\10814.pdb
c:\visual studio projects\c++_baekjoon\백준 c++ 문제 풀이\x64\debug\10815.pdb
c:\visual studio projects\c++_baekjoon\백준 c++ 문제 풀이\x64\debug\10816.pdb
c:\visual studio projects\c++_baekjoon\백준 c++ 문제 풀이\x64\debug\10818.pdb
c:\visual studio projects\c++_baekjoon\백준 c++ 문제 풀이\x64\debug\1085.pdb
c:\visual studio projects\c++_baekjoon\백준 c++ 문제 풀이\x64\debug\10871.pdb
c:\visual studio projects\c++_baekjoon\백준 c++ 문제 풀이\x64\debug\10926.pdb
c:\visual studio projects\c++_baekjoon\백준 c++ 문제 풀이\x64\debug\10950.pdb
c:\visual studio projects\c++_baekjoon\백준 c++ 문제 풀이\x64\debug\10951.pdb
c:\visual studio projects\c++_baekjoon\백준 c++ 문제 풀이\x64\debug\10952.pdb
c:\visual studio projects\c++_baekjoon\백준 c++ 문제 풀이\x64\debug\10988.pdb
c:\visual studio projects\c++_baekjoon\백준 c++ 문제 풀이\x64\debug\10989_카운팅정렬.pdb
c:\visual studio projects\c++_baekjoon\백준 c++ 문제 풀이\x64\debug\11005.pdb
c:\visual studio projects\c++_baekjoon\백준 c++ 문제 풀이\x64\debug\11021.pdb
c:\visual studio projects\c++_baekjoon\백준 c++ 문제 풀이\x64\debug\11022.pdb
c:\visual studio projects\c++_baekjoon\백준 c++ 문제 풀이\x64\debug\11382.pdb
c:\visual studio projects\c++_baekjoon\백준 c++ 문제 풀이\x64\debug\11478.pdb
c:\visual studio projects\c++_baekjoon\백준 c++ 문제 풀이\x64\debug\1152.pdb
c:\visual studio projects\c++_baekjoon\백준 c++ 문제 풀이\x64\debug\1157.pdb
c:\visual studio projects\c++_baekjoon\백준 c++ 문제 풀이\x64\debug\11650.pdb
c:\visual studio projects\c++_baekjoon\백준 c++ 문제 풀이\x64\debug\11651.pdb
c:\visual studio projects\c++_baekjoon\백준 c++ 문제 풀이\x64\debug\11653.pdb
c:\visual studio projects\c++_baekjoon\백준 c++ 문제 풀이\x64\debug\11654.pdb
c:\visual studio projects\c++_baekjoon\백준 c++ 문제 풀이\x64\debug\11718.pdb
c:\visual studio projects\c++_baekjoon\백준 c++ 문제 풀이\x64\debug\11720.pdb
c:\visual studio projects\c++_baekjoon\백준 c++ 문제 풀이\x64\debug\1181.pdb
c:\visual studio projects\c++_baekjoon\백준 c++ 문제 풀이\x64\debug\11866.pdb
c:\visual studio projects\c++_baekjoon\백준 c++ 문제 풀이\x64\debug\1193.pdb
c:\visual studio projects\c++_baekjoon\백준 c++ 문제 풀이\x64\debug\1269.pdb
c:\visual studio projects\c++_baekjoon\백준 c++ 문제 풀이\x64\debug\12789.pdb
c:\visual studio projects\c++_baekjoon\백준 c++ 문제 풀이\x64\debug\1316.pdb
c:\visual studio projects\c++_baekjoon\백준 c++ 문제 풀이\x64\debug\13241.pdb
c:\visual studio projects\c++_baekjoon\백준 c++ 문제 풀이\x64\debug\1330.pdb
c:\visual studio projects\c++_baekjoon\백준 c++ 문제 풀이\x64\debug\13909.pdb
c:\visual studio projects\c++_baekjoon\백준 c++ 문제 풀이\x64\debug\14215.pdb
c:\visual studio projects\c++_baekjoon\백준 c++ 문제 풀이\x64\debug\1427.pdb
c:\visual studio projects\c++_baekjoon\백준 c++ 문제 풀이\x64\debug\1436.pdb
c:\visual studio projects\c++_baekjoon\백준 c++ 문제 풀이\x64\debug\14425.pdb
c:\visual studio projects\c++_baekjoon\백준 c++ 문제 풀이\x64\debug\14681.pdb
c:\visual studio projects\c++_baekjoon\백준 c++ 문제 풀이\x64\debug\1546.pdb
c:\visual studio projects\c++_baekjoon\백준 c++ 문제 풀이\x64\debug\15552.pdb
c:\visual studio projects\c++_baekjoon\백준 c++ 문제 풀이\x64\debug\15894.pdb
c:\visual studio projects\c++_baekjoon\백준 c++ 문제 풀이\x64\debug\1620.pdb
c:\visual studio projects\c++_baekjoon\백준 c++ 문제 풀이\x64\debug\17103.pdb
c:\visual studio projects\c++_baekjoon\백준 c++ 문제 풀이\x64\debug\1735.pdb
c:\visual studio projects\c++_baekjoon\백준 c++ 문제 풀이\x64\debug\1764.pdb
c:\visual studio projects\c++_baekjoon\백준 c++ 문제 풀이\x64\debug\18258.pdb
c:\visual studio projects\c++_baekjoon\백준 c++ 문제 풀이\x64\debug\18870.pdb
c:\visual studio projects\c++_baekjoon\백준 c++ 문제 풀이\x64\debug\1929.pdb
c:\visual studio projects\c++_baekjoon\백준 c++ 문제 풀이\x64\debug\1934.pdb
c:\visual studio projects\c++_baekjoon\백준 c++ 문제 풀이\x64\debug\19532.pdb
c:\visual studio projects\c++_baekjoon\백준 c++ 문제 풀이\x64\debug\1978.pdb
c:\visual studio projects\c++_baekjoon\백준 c++ 문제 풀이\x64\debug\2164.pdb
c:\visual studio projects\c++_baekjoon\백준 c++ 문제 풀이\x64\debug\2231.pdb
c:\visual studio projects\c++_baekjoon\백준 c++ 문제 풀이\x64\debug\2292.pdb
c:\visual studio projects\c++_baekjoon\백준 c++ 문제 풀이\x64\debug\2346.pdb
c:\visual studio projects\c++_baekjoon\백준 c++ 문제 풀이\x64\debug\24262.pdb
c:\visual studio projects\c++_baekjoon\백준 c++ 문제 풀이\x64\debug\24263.pdb
c:\visual studio projects\c++_baekjoon\백준 c++ 문제 풀이\x64\debug\24264.pdb
c:\visual studio projects\c++_baekjoon\백준 c++ 문제 풀이\x64\debug\24265.pdb
c:\visual studio projects\c++_baekjoon\백준 c++ 문제 풀이\x64\debug\24266.pdb
c:\visual studio projects\c++_baekjoon\백준 c++ 문제 풀이\x64\debug\24267.pdb
c:\visual studio projects\c++_baekjoon\백준 c++ 문제 풀이\x64\debug\24313.pdb
c:\visual studio projects\c++_baekjoon\백준 c++ 문제 풀이\x64\debug\2438.pdb
c:\visual studio projects\c++_baekjoon\백준 c++ 문제 풀이\x64\debug\2439.pdb
c:\visual studio projects\c++_baekjoon\백준 c++ 문제 풀이\x64\debug\2444.pdb
c:\visual studio projects\c++_baekjoon\백준 c++ 문제 풀이\x64\debug\24511.pdb
c:\visual studio projects\c++_baekjoon\백준 c++ 문제 풀이\x64\debug\2480.pdb
c:\visual studio projects\c++_baekjoon\백준 c++ 문제 풀이\x64\debug\2485.pdb
c:\visual studio projects\c++_baekjoon\백준 c++ 문제 풀이\x64\debug\2501.pdb
c:\visual studio projects\c++_baekjoon\백준 c++ 문제 풀이\x64\debug\25083.pdb
c:\visual studio projects\c++_baekjoon\백준 c++ 문제 풀이\x64\debug\25206.pdb
c:\visual studio projects\c++_baekjoon\백준 c++ 문제 풀이\x64\debug\2525.pdb
c:\visual studio projects\c++_baekjoon\백준 c++ 문제 풀이\x64\debug\25304.pdb
c:\visual studio projects\c++_baekjoon\백준 c++ 문제 풀이\x64\debug\25305.pdb
c:\visual studio projects\c++_baekjoon\백준 c++ 문제 풀이\x64\debug\25314.pdb
c:\visual studio projects\c++_baekjoon\백준 c++ 문제 풀이\x64\debug\2557.pdb
c:\visual studio projects\c++_baekjoon\백준 c++ 문제 풀이\x64\debug\2562.pdb
c:\visual studio projects\c++_baekjoon\백준 c++ 문제 풀이\x64\debug\2563.pdb
c:\visual studio projects\c++_baekjoon\백준 c++ 문제 풀이\x64\debug\2566.pdb
c:\visual studio projects\c++_baekjoon\백준 c++ 문제 풀이\x64\debug\2581.pdb
c:\visual studio projects\c++_baekjoon\백준 c++ 문제 풀이\x64\debug\2587.pdb
c:\visual studio projects\c++_baekjoon\백준 c++ 문제 풀이\x64\debug\2588.pdb
c:\visual studio projects\c++_baekjoon\백준 c++ 문제 풀이\x64\debug\2675.pdb
c:\visual studio projects\c++_baekjoon\백준 c++ 문제 풀이\x64\debug\2720.pdb
c:\visual studio projects\c++_baekjoon\백준 c++ 문제 풀이\x64\debug\27323.pdb
c:\visual studio projects\c++_baekjoon\백준 c++ 문제 풀이\x64\debug\2738.pdb
c:\visual studio projects\c++_baekjoon\백준 c++ 문제 풀이\x64\debug\2739.pdb
c:\visual studio projects\c++_baekjoon\백준 c++ 문제 풀이\x64\debug\2743.pdb
c:\visual studio projects\c++_baekjoon\백준 c++ 문제 풀이\x64\debug\2745.pdb
c:\visual studio projects\c++_baekjoon\백준 c++ 문제 풀이\x64\debug\2750_버블정렬.pdb
c:\visual studio projects\c++_baekjoon\백준 c++ 문제 풀이\x64\debug\2750_삽입정렬.pdb
c:\visual studio projects\c++_baekjoon\백준 c++ 문제 풀이\x64\debug\2750_선택정렬.pdb
c:\visual studio projects\c++_baekjoon\백준 c++ 문제 풀이\x64\debug\2751_병합정렬.pdb
c:\visual studio projects\c++_baekjoon\백준 c++ 문제 풀이\x64\debug\2751_퀵정렬.pdb
c:\visual studio projects\c++_baekjoon\백준 c++ 문제 풀이\x64\debug\2751_트리정렬.pdb
c:\visual studio projects\c++_baekjoon\백준 c++ 문제 풀이\x64\debug\2751_힙정렬.pdb
c:\visual studio projects\c++_baekjoon\백준 c++ 문제 풀이\x64\debug\2753.pdb
c:\visual studio projects\c++_baekjoon\백준 c++ 문제 풀이\x64\debug\27866.pdb
c:\visual studio projects\c++_baekjoon\백준 c++ 문제 풀이\x64\debug\2798.pdb
c:\visual studio projects\c++_baekjoon\백준 c++ 문제 풀이\x64\debug\28278.pdb
c:\visual studio projects\c++_baekjoon\백준 c++ 문제 풀이\x64\debug\28279.pdb
c:\visual studio projects\c++_baekjoon\백준 c++ 문제 풀이\x64\debug\2839.pdb
c:\visual studio projects\c++_baekjoon\백준 c++ 문제 풀이\x64\debug\2869.pdb
c:\visual studio projects\c++_baekjoon\백준 c++ 문제 풀이\x64\debug\2884.pdb
c:\visual studio projects\c++_baekjoon\백준 c++ 문제 풀이\x64\debug\2903.pdb
c:\visual studio projects\c++_baekjoon\백준 c++ 문제 풀이\x64\debug\2908.pdb
c:\visual studio projects\c++_baekjoon\백준 c++ 문제 풀이\x64\debug\2941.pdb
c:\visual studio projects\c++_baekjoon\백준 c++ 문제 풀이\x64\debug\3003.pdb
c:\visual studio projects\c++_baekjoon\백준 c++ 문제 풀이\x64\debug\3009.pdb
c:\visual studio projects\c++_baekjoon\백준 c++ 문제 풀이\x64\debug\3052.pdb
c:\visual studio projects\c++_baekjoon\백준 c++ 문제 풀이\x64\debug\4134.pdb
c:\visual studio projects\c++_baekjoon\백준 c++ 문제 풀이\x64\debug\4948.pdb
c:\visual studio projects\c++_baekjoon\백준 c++ 문제 풀이\x64\debug\4949.pdb
c:\visual studio projects\c++_baekjoon\백준 c++ 문제 풀이\x64\debug\5073.pdb
c:\visual studio projects\c++_baekjoon\백준 c++ 문제 풀이\x64\debug\5086.pdb
c:\visual studio projects\c++_baekjoon\백준 c++ 문제 풀이\x64\debug\5597.pdb
c:\visual studio projects\c++_baekjoon\백준 c++ 문제 풀이\x64\debug\5622.pdb
c:\visual studio projects\c++_baekjoon\백준 c++ 문제 풀이\x64\debug\7785.pdb
c:\visual studio projects\c++_baekjoon\백준 c++ 문제 풀이\x64\debug\8393.pdb
c:\visual studio projects\c++_baekjoon\백준 c++ 문제 풀이\x64\debug\9012.pdb
c:\visual studio projects\c++_baekjoon\백준 c++ 문제 풀이\x64\debug\9063.pdb
c:\visual studio projects\c++_baekjoon\백준 c++ 문제 풀이\x64\debug\9086.pdb
c:\visual studio projects\c++_baekjoon\백준 c++ 문제 풀이\x64\debug\9498.pdb
c:\visual studio projects\c++_baekjoon\백준 c++ 문제 풀이\x64\debug\9506.pdb
c:\visual studio projects\c++_baekjoon\백준 c++ 문제 풀이\x64\debug\temp.pdb
c:\visual studio projects\c++_baekjoon\백준 c++ 문제 풀이\x64\debug\vc143.pdb
c:\visual studio projects\c++_baekjoon\백준 c++ 문제 풀이\x64\debug\2557.exe
c:\visual studio projects\c++_baekjoon\백준 c++ 문제 풀이\x64\debug\2557.tlog\cl.command.1.tlog
c:\visual studio projects\c++_baekjoon\백준 c++ 문제 풀이\x64\debug\2557.tlog\cl.items.tlog
c:\visual studio projects\c++_baekjoon\백준 c++ 문제 풀이\x64\debug\2557.tlog\cl.read.1.tlog
c:\visual studio projects\c++_baekjoon\백준 c++ 문제 풀이\x64\debug\2557.tlog\cl.write.1.tlog
c:\visual studio projects\c++_baekjoon\백준 c++ 문제 풀이\x64\debug\2557.tlog\link.command.1.tlog
c:\visual studio projects\c++_baekjoon\백준 c++ 문제 풀이\x64\debug\2557.tlog\link.read.1.tlog
c:\visual studio projects\c++_baekjoon\백준 c++ 문제 풀이\x64\debug\2557.tlog\link.write.1.tlog
